Program called with the following parameters:
 * downscale = 2
 * exportIntermediateResults = 0
 * imagesFolder = "C:/Users/alexl/projects/Glassphones/mechanical/photogrammetry/MeshroomCache/PrepareDenseScene/3e4c19c9a6e097340eab7f3527b9e6b37897db51"
 * input = "C:/Users/alexl/projects/Glassphones/mechanical/photogrammetry/MeshroomCache/StructureFromMotion/05321de2f97c332c089e527a2c8afd2a22e8c4b3/sfm.abc"
 * maxViewAngle = 70
 * minViewAngle = 2
 * nbGPUs = 0
 * output = "C:/Users/alexl/projects/Glassphones/mechanical/photogrammetry/MeshroomCache/DepthMap/4fd98e2220e87a8fe1c7089ad8e6dc06101979ae"
 * rangeSize = 3
 * rangeStart = 3
 * refineGammaC = 15.5
 * refineGammaP = 8
 * refineMaxTCams = 6
 * refineNDepthsToRefine = 31
 * refineNSamplesHalf = 150
 * refineNiters = 100
 * refineSigma = 15
 * refineUseTcOrRcPixSize = 0
 * refineWSH = 3
 * sgmGammaC = 5.5
 * sgmGammaP = 8
 * sgmMaxTCams = 10
 * sgmWSH = 4
 * verboseLevel = "info"

[17:50:43.088642][info] CUDA-Enabled GPU.
Device information:
	- id:                      0
	- name:                    GeForce GTX 1060 3GB
	- compute capability:      6.1
	- total device memory:     3072 MB 
	- device memory available: 2475 MB 
	- per-block shared memory: 49152
	- warp size:               32
	- max threads per block:   1024
	- max threads per SM(X):   2048
	- max block sizes:         {1024,1024,64}
	- max grid sizes:          {2147483647,65535,65535}
	- max 2D array texture:    {131072,65536}
	- max 3D array texture:    {16384,16384,16384}
	- max 2D linear texture:   {131072,65000,2097120}
	- max 2D layered texture:  {32768,32768,2048}
	- number of SM(x)s:        9
	- registers per SM(x):     65536
	- registers per block:     65536
	- concurrent kernels:      yes
	- mapping host memory:     yes
	- unified addressing:      yes
	- texture alignment:       512 byte
	- pitch alignment:         32 byte

[17:50:43.272809][info] Supported CUDA-Enabled GPU detected.
[17:50:43.282818][info] Found 1 image dimension(s): 
[17:50:43.282818][info] 	- [640x480]
[17:50:43.295830][info] Overall maximum dimension: [640x480]
[17:50:43.295830][info] Create depth maps.
number of CUDA devices:	1
   0: GeForce GTX 1060 3GB
[17:50:43.295830][info] # GPU devices: 1, # CPU threads: 16
[17:50:43.295830][info] Plane sweeping parameters:
	- scale: 1
	- step: 1
[17:50:43.295830][info] PlaneSweepingCuda:
	- _nImgsInGPUAtTime: 6
	- scales: 1
	- subPixel: Yes
	- varianceWSH: 4
CUDA device no 0 for 0
Device 0 memory - used: 596.762512, free: 2475.237549, total: 3072.000000
Device 0 memory - used: 608.762512, free: 2463.237549, total: 3072.000000
[17:50:43.298834][info] Found only 2/10 nearest cameras for view id: 1875356350
[17:50:43.299834][info] Found only 2/6 nearest cameras for view id: 1875356350
[17:50:43.343874][info] Estimate depth map, view id: 1875356350
Device 0 memory - used: 615.575012, free: 2456.425049, total: 3072.000000
total size of volume map in GPU memory: 6.796875
nDepths 58, nDepthsToSearch 58 
ps_computeSimilarityVolume elapsed time: 2.000000 ms 
Device 0 memory - used: 615.575012, free: 2456.425049, total: 3072.000000
total size of volume map in GPU memory: 6.796875
nDepths 58, nDepthsToSearch 58 
ps_computeSimilarityVolume elapsed time: 3.000000 ms 
ps_SGMoptimizeSimVolume
ps_updateAggrVolume
ps_aggregatePathVolume
ps_aggregatePathVolume done
ps_updateAggrVolume done
ps_updateAggrVolume
ps_aggregatePathVolume
ps_aggregatePathVolume done
ps_updateAggrVolume done
ps_updateAggrVolume
ps_aggregatePathVolume
ps_aggregatePathVolume done
ps_updateAggrVolume done
ps_updateAggrVolume
ps_aggregatePathVolume
ps_aggregatePathVolume done
ps_updateAggrVolume done
SGM volume gpu elapsed time: 58.000000 ms 
ps_SGMoptimizeSimVolume done
[17:50:43.634685][info] Refine depth map, view id: 1875356350
gpu elapsed time: 10.000000 ms 
gpu elapsed time: 10.000000 ms 
gpu elapsed time: 9.000000 ms 
gpu elapsed time: 8.000000 ms 
gpu elapsed time: 8.000000 ms 
gpu elapsed time: 8.000000 ms 
gpu elapsed time: 11.000000 ms 
gpu elapsed time: 10.000000 ms 
gpu elapsed time: 4.000000 ms 
gpu elapsed time: 5.000000 ms 
gpu elapsed time: 6.000000 ms 
gpu elapsed time: 5.000000 ms 
rc: 3, gpu elapsed time: 4.000000 ms 
rc: 3, gpu elapsed time: 4.000000 ms 
rc: 3, gpu elapsed time: 5.000000 ms 
rc: 3, gpu elapsed time: 4.000000 ms 
[17:50:43.797337][info] Found only 2/10 nearest cameras for view id: 1898130451
[17:50:43.798338][info] Found only 2/6 nearest cameras for view id: 1898130451
[17:50:43.829366][info] Estimate depth map, view id: 1898130451
Device 0 memory - used: 633.887512, free: 2438.112549, total: 3072.000000
total size of volume map in GPU memory: 25.078125
nDepths 214, nDepthsToSearch 214 
ps_computeSimilarityVolume elapsed time: 2.000000 ms 
Device 0 memory - used: 641.950012, free: 2430.050049, total: 3072.000000
total size of volume map in GPU memory: 33.164063
nDepths 283, nDepthsToSearch 283 
ps_computeSimilarityVolume elapsed time: 3.000000 ms 
ps_SGMoptimizeSimVolume
ps_updateAggrVolume
ps_aggregatePathVolume
ps_aggregatePathVolume done
ps_updateAggrVolume done
ps_updateAggrVolume
ps_aggregatePathVolume
ps_aggregatePathVolume done
ps_updateAggrVolume done
ps_updateAggrVolume
ps_aggregatePathVolume
ps_aggregatePathVolume done
ps_updateAggrVolume done
ps_updateAggrVolume
ps_aggregatePathVolume
ps_aggregatePathVolume done
ps_updateAggrVolume done
SGM volume gpu elapsed time: 146.000000 ms 
ps_SGMoptimizeSimVolume done
[17:50:44.713676][info] Refine depth map, view id: 1898130451
gpu elapsed time: 7.000000 ms 
gpu elapsed time: 10.000000 ms 
gpu elapsed time: 10.000000 ms 
gpu elapsed time: 9.000000 ms 
gpu elapsed time: 6.000000 ms 
gpu elapsed time: 9.000000 ms 
gpu elapsed time: 9.000000 ms 
gpu elapsed time: 7.000000 ms 
gpu elapsed time: 5.000000 ms 
gpu elapsed time: 6.000000 ms 
gpu elapsed time: 5.000000 ms 
gpu elapsed time: 5.000000 ms 
rc: 4, gpu elapsed time: 5.000000 ms 
rc: 4, gpu elapsed time: 4.000000 ms 
rc: 4, gpu elapsed time: 3.000000 ms 
rc: 4, gpu elapsed time: 3.000000 ms 
[17:50:44.869818][info] Found only 5/10 nearest cameras for view id: 2015013291
[17:50:44.870819][info] Found only 5/6 nearest cameras for view id: 2015013291
[17:50:44.893839][info] Estimate depth map, view id: 2015013291
Device 0 memory - used: 626.575012, free: 2445.425049, total: 3072.000000
total size of volume map in GPU memory: 17.812500
nDepths 152, nDepthsToSearch 152 
ps_computeSimilarityVolume elapsed time: 4.000000 ms 
Device 0 memory - used: 624.262512, free: 2447.737549, total: 3072.000000
total size of volume map in GPU memory: 15.468750
nDepths 132, nDepthsToSearch 132 
ps_computeSimilarityVolume elapsed time: 3.000000 ms 
Device 0 memory - used: 629.200012, free: 2442.800049, total: 3072.000000
total size of volume map in GPU memory: 20.390625
nDepths 174, nDepthsToSearch 174 
ps_computeSimilarityVolume elapsed time: 3.000000 ms 
Device 0 memory - used: 629.200012, free: 2442.800049, total: 3072.000000
total size of volume map in GPU memory: 20.390625
nDepths 174, nDepthsToSearch 174 
ps_computeSimilarityVolume elapsed time: 3.000000 ms 
Device 0 memory - used: 629.200012, free: 2442.800049, total: 3072.000000
total size of volume map in GPU memory: 20.390625
nDepths 174, nDepthsToSearch 174 
ps_computeSimilarityVolume elapsed time: 3.000000 ms 
ps_SGMoptimizeSimVolume
ps_updateAggrVolume
ps_aggregatePathVolume
ps_aggregatePathVolume done
ps_updateAggrVolume done
ps_updateAggrVolume
ps_aggregatePathVolume
ps_aggregatePathVolume done
ps_updateAggrVolume done
ps_updateAggrVolume
ps_aggregatePathVolume
ps_aggregatePathVolume done
ps_updateAggrVolume done
ps_updateAggrVolume
ps_aggregatePathVolume
ps_aggregatePathVolume done
ps_updateAggrVolume done
SGM volume gpu elapsed time: 99.000000 ms 
ps_SGMoptimizeSimVolume done
[17:50:45.896342][info] Refine depth map, view id: 2015013291
gpu elapsed time: 9.000000 ms 
gpu elapsed time: 11.000000 ms 
gpu elapsed time: 11.000000 ms 
gpu elapsed time: 9.000000 ms 
gpu elapsed time: 7.000000 ms 
gpu elapsed time: 10.000000 ms 
gpu elapsed time: 7.000000 ms 
gpu elapsed time: 3.000000 ms 
gpu elapsed time: 5.000000 ms 
gpu elapsed time: 11.000000 ms 
gpu elapsed time: 10.000000 ms 
gpu elapsed time: 9.000000 ms 
gpu elapsed time: 5.000000 ms 
gpu elapsed time: 8.000000 ms 
gpu elapsed time: 9.000000 ms 
gpu elapsed time: 10.000000 ms 
gpu elapsed time: 7.000000 ms 
gpu elapsed time: 9.000000 ms 
gpu elapsed time: 11.000000 ms 
gpu elapsed time: 10.000000 ms 
gpu elapsed time: 9.000000 ms 
gpu elapsed time: 10.000000 ms 
gpu elapsed time: 9.000000 ms 
gpu elapsed time: 9.000000 ms 
rc: 5, gpu elapsed time: 4.000000 ms 
rc: 5, gpu elapsed time: 5.000000 ms 
rc: 5, gpu elapsed time: 4.000000 ms 
rc: 5, gpu elapsed time: 4.000000 ms 
[17:50:46.205623][info] Task done in (s): 3.118000
