Program called with the following parameters:
 * downscale = 2
 * exportIntermediateResults = 0
 * imagesFolder = "C:/Users/alexl/projects/Glassphones/mechanical/photogrammetry/photo/MeshroomCache/PrepareDenseScene/d4f40fa8ae4d8e7a0b4a9b02b9dc244c88c7f1a9"
 * input = "C:/Users/alexl/projects/Glassphones/mechanical/photogrammetry/photo/MeshroomCache/StructureFromMotion/d71c1582ed01c90abd0e8f21b0806b4d62578cae/sfm.abc"
 * maxViewAngle = 70
 * minViewAngle = 2
 * nbGPUs = 0
 * output = "C:/Users/alexl/projects/Glassphones/mechanical/photogrammetry/photo/MeshroomCache/DepthMap/02fd681ff2a072b878f8303e52b0faceaa19335a"
 * rangeSize = 3
 * rangeStart = 30
 * refineGammaC = 15.5
 * refineGammaP = 8
 * refineMaxTCams = 6
 * refineNDepthsToRefine = 31
 * refineNSamplesHalf = 150
 * refineNiters = 100
 * refineSigma = 15
 * refineUseTcOrRcPixSize = 0
 * refineWSH = 3
 * sgmGammaC = 5.5
 * sgmGammaP = 8
 * sgmMaxTCams = 10
 * sgmWSH = 4
 * verboseLevel = "info"

[18:15:46.806914][info] CUDA-Enabled GPU.
Device information:
	- id:                      0
	- name:                    GeForce GTX 1060 3GB
	- compute capability:      6.1
	- total device memory:     3072 MB 
	- device memory available: 2475 MB 
	- per-block shared memory: 49152
	- warp size:               32
	- max threads per block:   1024
	- max threads per SM(X):   2048
	- max block sizes:         {1024,1024,64}
	- max grid sizes:          {2147483647,65535,65535}
	- max 2D array texture:    {131072,65536}
	- max 3D array texture:    {16384,16384,16384}
	- max 2D linear texture:   {131072,65000,2097120}
	- max 2D layered texture:  {32768,32768,2048}
	- number of SM(x)s:        9
	- registers per SM(x):     65536
	- registers per block:     65536
	- concurrent kernels:      yes
	- mapping host memory:     yes
	- unified addressing:      yes
	- texture alignment:       512 byte
	- pitch alignment:         32 byte

[18:15:46.936537][info] Supported CUDA-Enabled GPU detected.
[18:15:46.990603][info] Found 1 image dimension(s): 
[18:15:46.990603][info] 	- [3264x1836]
[18:15:47.088707][info] Overall maximum dimension: [3264x1836]
[18:15:47.088707][info] Create depth maps.
number of CUDA devices:	1
   0: GeForce GTX 1060 3GB
[18:15:47.088707][info] # GPU devices: 1, # CPU threads: 16
[18:15:47.088707][info] Plane sweeping parameters:
	- scale: 2
	- step: 3
[18:15:47.088707][info] PlaneSweepingCuda:
	- _nImgsInGPUAtTime: 3
	- scales: 2
	- subPixel: Yes
	- varianceWSH: 4
CUDA device no 0 for 0
Device 0 memory - used: 596.762512, free: 2475.237549, total: 3072.000000
Device 0 memory - used: 687.700012, free: 2384.300049, total: 3072.000000
[18:15:49.861638][info] Estimate depth map, view id: 1511173744
Device 0 memory - used: 728.512512, free: 2343.487549, total: 3072.000000
total size of volume map in GPU memory: 40.790039
nDepths 546, nDepthsToSearch 546 
ps_computeSimilarityVolume elapsed time: 4.000000 ms 
Device 0 memory - used: 728.512512, free: 2343.487549, total: 3072.000000
total size of volume map in GPU memory: 40.790039
nDepths 546, nDepthsToSearch 546 
ps_computeSimilarityVolume elapsed time: 5.000000 ms 
Device 0 memory - used: 718.887512, free: 2353.112549, total: 3072.000000
total size of volume map in GPU memory: 31.152832
nDepths 417, nDepthsToSearch 417 
ps_computeSimilarityVolume elapsed time: 5.000000 ms 
Device 0 memory - used: 728.512512, free: 2343.487549, total: 3072.000000
total size of volume map in GPU memory: 40.790039
nDepths 546, nDepthsToSearch 546 
ps_computeSimilarityVolume elapsed time: 6.000000 ms 
Device 0 memory - used: 728.512512, free: 2343.487549, total: 3072.000000
total size of volume map in GPU memory: 40.790039
nDepths 546, nDepthsToSearch 546 
ps_computeSimilarityVolume elapsed time: 5.000000 ms 
Device 0 memory - used: 710.075012, free: 2361.925049, total: 3072.000000
total size of volume map in GPU memory: 22.337402
nDepths 299, nDepthsToSearch 299 
ps_computeSimilarityVolume elapsed time: 3.000000 ms 
Device 0 memory - used: 728.512512, free: 2343.487549, total: 3072.000000
total size of volume map in GPU memory: 40.790039
nDepths 546, nDepthsToSearch 546 
ps_computeSimilarityVolume elapsed time: 6.000000 ms 
Device 0 memory - used: 728.512512, free: 2343.487549, total: 3072.000000
total size of volume map in GPU memory: 40.790039
nDepths 546, nDepthsToSearch 546 
ps_computeSimilarityVolume elapsed time: 5.000000 ms 
Device 0 memory - used: 704.825012, free: 2367.175049, total: 3072.000000
total size of volume map in GPU memory: 17.107910
nDepths 229, nDepthsToSearch 229 
ps_computeSimilarityVolume elapsed time: 3.000000 ms 
Device 0 memory - used: 724.512512, free: 2347.487549, total: 3072.000000
total size of volume map in GPU memory: 36.755859
nDepths 492, nDepthsToSearch 492 
ps_computeSimilarityVolume elapsed time: 5.000000 ms 
ps_SGMoptimizeSimVolume
ps_updateAggrVolume
ps_aggregatePathVolume
ps_aggregatePathVolume done
ps_updateAggrVolume done
ps_updateAggrVolume
ps_aggregatePathVolume
ps_aggregatePathVolume done
ps_updateAggrVolume done
ps_updateAggrVolume
ps_aggregatePathVolume
ps_aggregatePathVolume done
ps_updateAggrVolume done
ps_updateAggrVolume
ps_aggregatePathVolume
ps_aggregatePathVolume done
ps_updateAggrVolume done
SGM volume gpu elapsed time: 176.000000 ms 
ps_SGMoptimizeSimVolume done
[18:15:53.455008][info] Refine depth map, view id: 1511173744
gpu elapsed time: 70.000000 ms 
gpu elapsed time: 148.000000 ms 
gpu elapsed time: 175.000000 ms 
gpu elapsed time: 155.000000 ms 
gpu elapsed time: 165.000000 ms 
gpu elapsed time: 173.000000 ms 
gpu elapsed time: 147.000000 ms 
gpu elapsed time: 90.000000 ms 
gpu elapsed time: 38.000000 ms 
gpu elapsed time: 128.000000 ms 
gpu elapsed time: 171.000000 ms 
gpu elapsed time: 166.000000 ms 
gpu elapsed time: 156.000000 ms 
gpu elapsed time: 171.000000 ms 
gpu elapsed time: 157.000000 ms 
gpu elapsed time: 129.000000 ms 
gpu elapsed time: 88.000000 ms 
gpu elapsed time: 145.000000 ms 
gpu elapsed time: 162.000000 ms 
gpu elapsed time: 141.000000 ms 
gpu elapsed time: 96.000000 ms 
gpu elapsed time: 151.000000 ms 
gpu elapsed time: 153.000000 ms 
gpu elapsed time: 148.000000 ms 
gpu elapsed time: 177.000000 ms 
gpu elapsed time: 175.000000 ms 
gpu elapsed time: 177.000000 ms 
gpu elapsed time: 177.000000 ms 
rc: 30, gpu elapsed time: 59.000000 ms 
rc: 30, gpu elapsed time: 59.000000 ms 
rc: 30, gpu elapsed time: 57.000000 ms 
rc: 30, gpu elapsed time: 55.000000 ms 
[18:16:00.478680][info] Estimate depth map, view id: 1545789569
Device 0 memory - used: 707.137512, free: 2364.862549, total: 3072.000000
total size of volume map in GPU memory: 19.423828
nDepths 260, nDepthsToSearch 260 
ps_computeSimilarityVolume elapsed time: 3.000000 ms 
Device 0 memory - used: 707.137512, free: 2364.862549, total: 3072.000000
total size of volume map in GPU memory: 19.423828
nDepths 260, nDepthsToSearch 260 
ps_computeSimilarityVolume elapsed time: 3.000000 ms 
Device 0 memory - used: 702.700012, free: 2369.300049, total: 3072.000000
total size of volume map in GPU memory: 14.941406
nDepths 200, nDepthsToSearch 200 
ps_computeSimilarityVolume elapsed time: 3.000000 ms 
Device 0 memory - used: 707.137512, free: 2364.862549, total: 3072.000000
total size of volume map in GPU memory: 19.423828
nDepths 260, nDepthsToSearch 260 
ps_computeSimilarityVolume elapsed time: 4.000000 ms 
Device 0 memory - used: 707.137512, free: 2364.862549, total: 3072.000000
total size of volume map in GPU memory: 19.423828
nDepths 260, nDepthsToSearch 260 
ps_computeSimilarityVolume elapsed time: 5.000000 ms 
Device 0 memory - used: 707.137512, free: 2364.862549, total: 3072.000000
total size of volume map in GPU memory: 19.423828
nDepths 260, nDepthsToSearch 260 
ps_computeSimilarityVolume elapsed time: 4.000000 ms 
Device 0 memory - used: 707.137512, free: 2364.862549, total: 3072.000000
total size of volume map in GPU memory: 19.423828
nDepths 260, nDepthsToSearch 260 
ps_computeSimilarityVolume elapsed time: 4.000000 ms 
Device 0 memory - used: 707.137512, free: 2364.862549, total: 3072.000000
total size of volume map in GPU memory: 19.423828
nDepths 260, nDepthsToSearch 260 
ps_computeSimilarityVolume elapsed time: 4.000000 ms 
Device 0 memory - used: 699.825012, free: 2372.175049, total: 3072.000000
total size of volume map in GPU memory: 12.102539
nDepths 162, nDepthsToSearch 162 
ps_computeSimilarityVolume elapsed time: 3.000000 ms 
Device 0 memory - used: 707.137512, free: 2364.862549, total: 3072.000000
total size of volume map in GPU memory: 19.423828
nDepths 260, nDepthsToSearch 260 
ps_computeSimilarityVolume elapsed time: 3.000000 ms 
ps_SGMoptimizeSimVolume
ps_updateAggrVolume
ps_aggregatePathVolume
ps_aggregatePathVolume done
ps_updateAggrVolume done
ps_updateAggrVolume
ps_aggregatePathVolume
ps_aggregatePathVolume done
ps_updateAggrVolume done
ps_updateAggrVolume
ps_aggregatePathVolume
ps_aggregatePathVolume done
ps_updateAggrVolume done
ps_updateAggrVolume
ps_aggregatePathVolume
ps_aggregatePathVolume done
ps_updateAggrVolume done
SGM volume gpu elapsed time: 92.000000 ms 
ps_SGMoptimizeSimVolume done
[18:16:02.494764][info] Refine depth map, view id: 1545789569
gpu elapsed time: 110.000000 ms 
gpu elapsed time: 159.000000 ms 
gpu elapsed time: 150.000000 ms 
gpu elapsed time: 144.000000 ms 
gpu elapsed time: 151.000000 ms 
gpu elapsed time: 152.000000 ms 
gpu elapsed time: 155.000000 ms 
gpu elapsed time: 31.000000 ms 
gpu elapsed time: 112.000000 ms 
gpu elapsed time: 118.000000 ms 
gpu elapsed time: 126.000000 ms 
gpu elapsed time: 48.000000 ms 
gpu elapsed time: 80.000000 ms 
gpu elapsed time: 176.000000 ms 
gpu elapsed time: 149.000000 ms 
gpu elapsed time: 17.000000 ms 
gpu elapsed time: 91.000000 ms 
gpu elapsed time: 145.000000 ms 
gpu elapsed time: 171.000000 ms 
gpu elapsed time: 61.000000 ms 
gpu elapsed time: 123.000000 ms 
gpu elapsed time: 160.000000 ms 
gpu elapsed time: 176.000000 ms 
gpu elapsed time: 67.000000 ms 
gpu elapsed time: 180.000000 ms 
gpu elapsed time: 177.000000 ms 
gpu elapsed time: 177.000000 ms 
gpu elapsed time: 175.000000 ms 
rc: 31, gpu elapsed time: 57.000000 ms 
rc: 31, gpu elapsed time: 56.000000 ms 
rc: 31, gpu elapsed time: 56.000000 ms 
rc: 31, gpu elapsed time: 56.000000 ms 
[18:16:07.650877][info] Estimate depth map, view id: 1560870966
Device 0 memory - used: 733.137512, free: 2338.862549, total: 3072.000000
total size of volume map in GPU memory: 45.421875
nDepths 608, nDepthsToSearch 608 
ps_computeSimilarityVolume elapsed time: 4.000000 ms 
Device 0 memory - used: 733.137512, free: 2338.862549, total: 3072.000000
total size of volume map in GPU memory: 45.421875
nDepths 608, nDepthsToSearch 608 
ps_computeSimilarityVolume elapsed time: 5.000000 ms 
Device 0 memory - used: 733.137512, free: 2338.862549, total: 3072.000000
total size of volume map in GPU memory: 45.421875
nDepths 608, nDepthsToSearch 608 
ps_computeSimilarityVolume elapsed time: 6.000000 ms 
Device 0 memory - used: 733.137512, free: 2338.862549, total: 3072.000000
total size of volume map in GPU memory: 45.421875
nDepths 608, nDepthsToSearch 608 
ps_computeSimilarityVolume elapsed time: 6.000000 ms 
Device 0 memory - used: 733.137512, free: 2338.862549, total: 3072.000000
total size of volume map in GPU memory: 45.421875
nDepths 608, nDepthsToSearch 608 
ps_computeSimilarityVolume elapsed time: 5.000000 ms 
Device 0 memory - used: 707.887512, free: 2364.112549, total: 3072.000000
total size of volume map in GPU memory: 20.170898
nDepths 270, nDepthsToSearch 270 
ps_computeSimilarityVolume elapsed time: 6.000000 ms 
Device 0 memory - used: 719.325012, free: 2352.675049, total: 3072.000000
total size of volume map in GPU memory: 31.601074
nDepths 423, nDepthsToSearch 423 
ps_computeSimilarityVolume elapsed time: 5.000000 ms 
Device 0 memory - used: 705.137512, free: 2366.862549, total: 3072.000000
total size of volume map in GPU memory: 17.406738
nDepths 233, nDepthsToSearch 233 
ps_computeSimilarityVolume elapsed time: 4.000000 ms 
Device 0 memory - used: 732.575012, free: 2339.425049, total: 3072.000000
total size of volume map in GPU memory: 44.824219
nDepths 600, nDepthsToSearch 600 
ps_computeSimilarityVolume elapsed time: 6.000000 ms 
Device 0 memory - used: 724.887512, free: 2347.112549, total: 3072.000000
total size of volume map in GPU memory: 37.129395
nDepths 497, nDepthsToSearch 497 
ps_computeSimilarityVolume elapsed time: 5.000000 ms 
ps_SGMoptimizeSimVolume
ps_updateAggrVolume
ps_aggregatePathVolume
ps_aggregatePathVolume done
ps_updateAggrVolume done
ps_updateAggrVolume
ps_aggregatePathVolume
ps_aggregatePathVolume done
ps_updateAggrVolume done
ps_updateAggrVolume
ps_aggregatePathVolume
ps_aggregatePathVolume done
ps_updateAggrVolume done
ps_updateAggrVolume
ps_aggregatePathVolume
ps_aggregatePathVolume done
ps_updateAggrVolume done
SGM volume gpu elapsed time: 192.000000 ms 
ps_SGMoptimizeSimVolume done
[18:16:11.105467][info] Refine depth map, view id: 1560870966
gpu elapsed time: 118.000000 ms 
gpu elapsed time: 160.000000 ms 
gpu elapsed time: 168.000000 ms 
gpu elapsed time: 169.000000 ms 
gpu elapsed time: 133.000000 ms 
gpu elapsed time: 163.000000 ms 
gpu elapsed time: 174.000000 ms 
gpu elapsed time: 140.000000 ms 
gpu elapsed time: 174.000000 ms 
gpu elapsed time: 179.000000 ms 
gpu elapsed time: 168.000000 ms 
gpu elapsed time: 118.000000 ms 
gpu elapsed time: 139.000000 ms 
gpu elapsed time: 176.000000 ms 
gpu elapsed time: 168.000000 ms 
gpu elapsed time: 56.000000 ms 
gpu elapsed time: 177.000000 ms 
gpu elapsed time: 175.000000 ms 
gpu elapsed time: 174.000000 ms 
gpu elapsed time: 90.000000 ms 
gpu elapsed time: 87.000000 ms 
gpu elapsed time: 154.000000 ms 
gpu elapsed time: 158.000000 ms 
gpu elapsed time: 146.000000 ms 
gpu elapsed time: 177.000000 ms 
gpu elapsed time: 174.000000 ms 
gpu elapsed time: 175.000000 ms 
gpu elapsed time: 175.000000 ms 
rc: 32, gpu elapsed time: 60.000000 ms 
rc: 32, gpu elapsed time: 56.000000 ms 
rc: 32, gpu elapsed time: 56.000000 ms 
rc: 32, gpu elapsed time: 54.000000 ms 
[18:16:16.695338][info] Task done in (s): 29.890000
