Program called with the following parameters:
 * downscale = 2
 * exportIntermediateResults = 0
 * imagesFolder = "C:/Users/alexl/projects/Glassphones/mechanical/photogrammetry/photo/MeshroomCache/PrepareDenseScene/d4f40fa8ae4d8e7a0b4a9b02b9dc244c88c7f1a9"
 * input = "C:/Users/alexl/projects/Glassphones/mechanical/photogrammetry/photo/MeshroomCache/StructureFromMotion/d71c1582ed01c90abd0e8f21b0806b4d62578cae/sfm.abc"
 * maxViewAngle = 70
 * minViewAngle = 2
 * nbGPUs = 0
 * output = "C:/Users/alexl/projects/Glassphones/mechanical/photogrammetry/photo/MeshroomCache/DepthMap/02fd681ff2a072b878f8303e52b0faceaa19335a"
 * rangeSize = 3
 * rangeStart = 54
 * refineGammaC = 15.5
 * refineGammaP = 8
 * refineMaxTCams = 6
 * refineNDepthsToRefine = 31
 * refineNSamplesHalf = 150
 * refineNiters = 100
 * refineSigma = 15
 * refineUseTcOrRcPixSize = 0
 * refineWSH = 3
 * sgmGammaC = 5.5
 * sgmGammaP = 8
 * sgmMaxTCams = 10
 * sgmWSH = 4
 * verboseLevel = "info"

[18:18:32.157860][info] CUDA-Enabled GPU.
Device information:
	- id:                      0
	- name:                    GeForce GTX 1060 3GB
	- compute capability:      6.1
	- total device memory:     3072 MB 
	- device memory available: 2475 MB 
	- per-block shared memory: 49152
	- warp size:               32
	- max threads per block:   1024
	- max threads per SM(X):   2048
	- max block sizes:         {1024,1024,64}
	- max grid sizes:          {2147483647,65535,65535}
	- max 2D array texture:    {131072,65536}
	- max 3D array texture:    {16384,16384,16384}
	- max 2D linear texture:   {131072,65000,2097120}
	- max 2D layered texture:  {32768,32768,2048}
	- number of SM(x)s:        9
	- registers per SM(x):     65536
	- registers per block:     65536
	- concurrent kernels:      yes
	- mapping host memory:     yes
	- unified addressing:      yes
	- texture alignment:       512 byte
	- pitch alignment:         32 byte

[18:18:32.300991][info] Supported CUDA-Enabled GPU detected.
[18:18:32.355039][info] Found 1 image dimension(s): 
[18:18:32.355039][info] 	- [3264x1836]
[18:18:32.453128][info] Overall maximum dimension: [3264x1836]
[18:18:32.453128][info] No camera to process.
