Program called with the following parameters:
 * downscale = 2
 * exportIntermediateResults = 0
 * imagesFolder = "C:/Users/alexl/projects/Glassphones/mechanical/photogrammetry/photo/MeshroomCache/PrepareDenseScene/d4f40fa8ae4d8e7a0b4a9b02b9dc244c88c7f1a9"
 * input = "C:/Users/alexl/projects/Glassphones/mechanical/photogrammetry/photo/MeshroomCache/StructureFromMotion/d71c1582ed01c90abd0e8f21b0806b4d62578cae/sfm.abc"
 * maxViewAngle = 70
 * minViewAngle = 2
 * nbGPUs = 0
 * output = "C:/Users/alexl/projects/Glassphones/mechanical/photogrammetry/photo/MeshroomCache/DepthMap/02fd681ff2a072b878f8303e52b0faceaa19335a"
 * rangeSize = 3
 * rangeStart = 6
 * refineGammaC = 15.5
 * refineGammaP = 8
 * refineMaxTCams = 6
 * refineNDepthsToRefine = 31
 * refineNSamplesHalf = 150
 * refineNiters = 100
 * refineSigma = 15
 * refineUseTcOrRcPixSize = 0
 * refineWSH = 3
 * sgmGammaC = 5.5
 * sgmGammaP = 8
 * sgmMaxTCams = 10
 * sgmWSH = 4
 * verboseLevel = "info"

[18:11:35.506428][info] CUDA-Enabled GPU.
Device information:
	- id:                      0
	- name:                    GeForce GTX 1060 3GB
	- compute capability:      6.1
	- total device memory:     3072 MB 
	- device memory available: 2475 MB 
	- per-block shared memory: 49152
	- warp size:               32
	- max threads per block:   1024
	- max threads per SM(X):   2048
	- max block sizes:         {1024,1024,64}
	- max grid sizes:          {2147483647,65535,65535}
	- max 2D array texture:    {131072,65536}
	- max 3D array texture:    {16384,16384,16384}
	- max 2D linear texture:   {131072,65000,2097120}
	- max 2D layered texture:  {32768,32768,2048}
	- number of SM(x)s:        9
	- registers per SM(x):     65536
	- registers per block:     65536
	- concurrent kernels:      yes
	- mapping host memory:     yes
	- unified addressing:      yes
	- texture alignment:       512 byte
	- pitch alignment:         32 byte

[18:11:35.639549][info] Supported CUDA-Enabled GPU detected.
[18:11:35.694599][info] Found 1 image dimension(s): 
[18:11:35.694599][info] 	- [3264x1836]
[18:11:35.804699][info] Overall maximum dimension: [3264x1836]
[18:11:35.805700][info] Create depth maps.
number of CUDA devices:	1
   0: GeForce GTX 1060 3GB
[18:11:35.805700][info] # GPU devices: 1, # CPU threads: 16
[18:11:35.805700][info] Plane sweeping parameters:
	- scale: 2
	- step: 3
[18:11:35.805700][info] PlaneSweepingCuda:
	- _nImgsInGPUAtTime: 3
	- scales: 2
	- subPixel: Yes
	- varianceWSH: 4
CUDA device no 0 for 0
Device 0 memory - used: 596.762512, free: 2475.237549, total: 3072.000000
Device 0 memory - used: 687.700012, free: 2384.300049, total: 3072.000000
[18:11:38.582058][info] Estimate depth map, view id: 308587086
Device 0 memory - used: 708.950012, free: 2363.050049, total: 3072.000000
total size of volume map in GPU memory: 21.216797
nDepths 284, nDepthsToSearch 284 
ps_computeSimilarityVolume elapsed time: 3.000000 ms 
Device 0 memory - used: 702.325012, free: 2369.675049, total: 3072.000000
total size of volume map in GPU memory: 14.567871
nDepths 195, nDepthsToSearch 195 
ps_computeSimilarityVolume elapsed time: 3.000000 ms 
Device 0 memory - used: 708.950012, free: 2363.050049, total: 3072.000000
total size of volume map in GPU memory: 21.216797
nDepths 284, nDepthsToSearch 284 
ps_computeSimilarityVolume elapsed time: 3.000000 ms 
Device 0 memory - used: 702.325012, free: 2369.675049, total: 3072.000000
total size of volume map in GPU memory: 14.567871
nDepths 195, nDepthsToSearch 195 
ps_computeSimilarityVolume elapsed time: 3.000000 ms 
Device 0 memory - used: 708.950012, free: 2363.050049, total: 3072.000000
total size of volume map in GPU memory: 21.216797
nDepths 284, nDepthsToSearch 284 
ps_computeSimilarityVolume elapsed time: 4.000000 ms 
Device 0 memory - used: 708.950012, free: 2363.050049, total: 3072.000000
total size of volume map in GPU memory: 21.216797
nDepths 284, nDepthsToSearch 284 
ps_computeSimilarityVolume elapsed time: 4.000000 ms 
Device 0 memory - used: 708.950012, free: 2363.050049, total: 3072.000000
total size of volume map in GPU memory: 21.216797
nDepths 284, nDepthsToSearch 284 
ps_computeSimilarityVolume elapsed time: 4.000000 ms 
Device 0 memory - used: 702.325012, free: 2369.675049, total: 3072.000000
total size of volume map in GPU memory: 14.567871
nDepths 195, nDepthsToSearch 195 
ps_computeSimilarityVolume elapsed time: 4.000000 ms 
Device 0 memory - used: 708.950012, free: 2363.050049, total: 3072.000000
total size of volume map in GPU memory: 21.216797
nDepths 284, nDepthsToSearch 284 
ps_computeSimilarityVolume elapsed time: 3.000000 ms 
Device 0 memory - used: 707.200012, free: 2364.800049, total: 3072.000000
total size of volume map in GPU memory: 19.498535
nDepths 261, nDepthsToSearch 261 
ps_computeSimilarityVolume elapsed time: 3.000000 ms 
ps_SGMoptimizeSimVolume
ps_updateAggrVolume
ps_aggregatePathVolume
ps_aggregatePathVolume done
ps_updateAggrVolume done
ps_updateAggrVolume
ps_aggregatePathVolume
ps_aggregatePathVolume done
ps_updateAggrVolume done
ps_updateAggrVolume
ps_aggregatePathVolume
ps_aggregatePathVolume done
ps_updateAggrVolume done
ps_updateAggrVolume
ps_aggregatePathVolume
ps_aggregatePathVolume done
ps_updateAggrVolume done
SGM volume gpu elapsed time: 95.000000 ms 
ps_SGMoptimizeSimVolume done
[18:11:40.877453][info] Refine depth map, view id: 308587086
gpu elapsed time: 60.000000 ms 
gpu elapsed time: 125.000000 ms 
gpu elapsed time: 153.000000 ms 
gpu elapsed time: 161.000000 ms 
gpu elapsed time: 53.000000 ms 
gpu elapsed time: 147.000000 ms 
gpu elapsed time: 161.000000 ms 
gpu elapsed time: 133.000000 ms 
gpu elapsed time: 165.000000 ms 
gpu elapsed time: 168.000000 ms 
gpu elapsed time: 160.000000 ms 
gpu elapsed time: 128.000000 ms 
gpu elapsed time: 89.000000 ms 
gpu elapsed time: 110.000000 ms 
gpu elapsed time: 122.000000 ms 
gpu elapsed time: 154.000000 ms 
gpu elapsed time: 152.000000 ms 
gpu elapsed time: 168.000000 ms 
gpu elapsed time: 164.000000 ms 
gpu elapsed time: 121.000000 ms 
gpu elapsed time: 125.000000 ms 
gpu elapsed time: 135.000000 ms 
gpu elapsed time: 145.000000 ms 
gpu elapsed time: 130.000000 ms 
gpu elapsed time: 175.000000 ms 
gpu elapsed time: 175.000000 ms 
gpu elapsed time: 175.000000 ms 
gpu elapsed time: 175.000000 ms 
rc: 6, gpu elapsed time: 56.000000 ms 
rc: 6, gpu elapsed time: 57.000000 ms 
rc: 6, gpu elapsed time: 56.000000 ms 
rc: 6, gpu elapsed time: 54.000000 ms 
[18:11:48.328744][info] Estimate depth map, view id: 351163884
Device 0 memory - used: 737.262512, free: 2334.737549, total: 3072.000000
total size of volume map in GPU memory: 49.530762
nDepths 663, nDepthsToSearch 663 
ps_computeSimilarityVolume elapsed time: 5.000000 ms 
Device 0 memory - used: 727.200012, free: 2344.800049, total: 3072.000000
total size of volume map in GPU memory: 39.445313
nDepths 528, nDepthsToSearch 528 
ps_computeSimilarityVolume elapsed time: 5.000000 ms 
Device 0 memory - used: 727.200012, free: 2344.800049, total: 3072.000000
total size of volume map in GPU memory: 39.445313
nDepths 528, nDepthsToSearch 528 
ps_computeSimilarityVolume elapsed time: 6.000000 ms 
Device 0 memory - used: 728.200012, free: 2343.800049, total: 3072.000000
total size of volume map in GPU memory: 40.491211
nDepths 542, nDepthsToSearch 542 
ps_computeSimilarityVolume elapsed time: 5.000000 ms 
Device 0 memory - used: 736.200012, free: 2335.800049, total: 3072.000000
total size of volume map in GPU memory: 48.484863
nDepths 649, nDepthsToSearch 649 
ps_computeSimilarityVolume elapsed time: 6.000000 ms 
Device 0 memory - used: 733.012512, free: 2338.987549, total: 3072.000000
total size of volume map in GPU memory: 45.272461
nDepths 606, nDepthsToSearch 606 
ps_computeSimilarityVolume elapsed time: 6.000000 ms 
Device 0 memory - used: 728.825012, free: 2343.175049, total: 3072.000000
total size of volume map in GPU memory: 41.088867
nDepths 550, nDepthsToSearch 550 
ps_computeSimilarityVolume elapsed time: 4.000000 ms 
Device 0 memory - used: 721.325012, free: 2350.675049, total: 3072.000000
total size of volume map in GPU memory: 33.618164
nDepths 450, nDepthsToSearch 450 
ps_computeSimilarityVolume elapsed time: 4.000000 ms 
Device 0 memory - used: 724.512512, free: 2347.487549, total: 3072.000000
total size of volume map in GPU memory: 36.755859
nDepths 492, nDepthsToSearch 492 
ps_computeSimilarityVolume elapsed time: 5.000000 ms 
Device 0 memory - used: 715.075012, free: 2356.925049, total: 3072.000000
total size of volume map in GPU memory: 27.342773
nDepths 366, nDepthsToSearch 366 
ps_computeSimilarityVolume elapsed time: 4.000000 ms 
ps_SGMoptimizeSimVolume
ps_updateAggrVolume
ps_aggregatePathVolume
ps_aggregatePathVolume done
ps_updateAggrVolume done
ps_updateAggrVolume
ps_aggregatePathVolume
ps_aggregatePathVolume done
ps_updateAggrVolume done
ps_updateAggrVolume
ps_aggregatePathVolume
ps_aggregatePathVolume done
ps_updateAggrVolume done
ps_updateAggrVolume
ps_aggregatePathVolume
ps_aggregatePathVolume done
ps_updateAggrVolume done
SGM volume gpu elapsed time: 208.000000 ms 
ps_SGMoptimizeSimVolume done
[18:11:52.150586][info] Refine depth map, view id: 351163884
gpu elapsed time: 143.000000 ms 
gpu elapsed time: 158.000000 ms 
gpu elapsed time: 172.000000 ms 
gpu elapsed time: 165.000000 ms 
gpu elapsed time: 40.000000 ms 
gpu elapsed time: 123.000000 ms 
gpu elapsed time: 127.000000 ms 
gpu elapsed time: 107.000000 ms 
gpu elapsed time: 24.000000 ms 
gpu elapsed time: 119.000000 ms 
gpu elapsed time: 122.000000 ms 
gpu elapsed time: 126.000000 ms 
gpu elapsed time: 111.000000 ms 
gpu elapsed time: 170.000000 ms 
gpu elapsed time: 171.000000 ms 
gpu elapsed time: 165.000000 ms 
gpu elapsed time: 130.000000 ms 
gpu elapsed time: 172.000000 ms 
gpu elapsed time: 171.000000 ms 
gpu elapsed time: 155.000000 ms 
gpu elapsed time: 74.000000 ms 
gpu elapsed time: 167.000000 ms 
gpu elapsed time: 173.000000 ms 
gpu elapsed time: 153.000000 ms 
gpu elapsed time: 176.000000 ms 
gpu elapsed time: 174.000000 ms 
gpu elapsed time: 175.000000 ms 
gpu elapsed time: 175.000000 ms 
rc: 7, gpu elapsed time: 56.000000 ms 
rc: 7, gpu elapsed time: 55.000000 ms 
rc: 7, gpu elapsed time: 55.000000 ms 
rc: 7, gpu elapsed time: 53.000000 ms 
[18:11:57.657616][info] Estimate depth map, view id: 498073649
Device 0 memory - used: 738.762512, free: 2333.237549, total: 3072.000000
total size of volume map in GPU memory: 51.024902
nDepths 683, nDepthsToSearch 683 
ps_computeSimilarityVolume elapsed time: 4.000000 ms 
Device 0 memory - used: 738.762512, free: 2333.237549, total: 3072.000000
total size of volume map in GPU memory: 51.024902
nDepths 683, nDepthsToSearch 683 
ps_computeSimilarityVolume elapsed time: 6.000000 ms 
Device 0 memory - used: 725.700012, free: 2346.300049, total: 3072.000000
total size of volume map in GPU memory: 37.951172
nDepths 508, nDepthsToSearch 508 
ps_computeSimilarityVolume elapsed time: 5.000000 ms 
Device 0 memory - used: 724.887512, free: 2347.112549, total: 3072.000000
total size of volume map in GPU memory: 37.129395
nDepths 497, nDepthsToSearch 497 
ps_computeSimilarityVolume elapsed time: 5.000000 ms 
Device 0 memory - used: 728.137512, free: 2343.862549, total: 3072.000000
total size of volume map in GPU memory: 40.416504
nDepths 541, nDepthsToSearch 541 
ps_computeSimilarityVolume elapsed time: 5.000000 ms 
Device 0 memory - used: 730.450012, free: 2341.550049, total: 3072.000000
total size of volume map in GPU memory: 42.732422
nDepths 572, nDepthsToSearch 572 
ps_computeSimilarityVolume elapsed time: 6.000000 ms 
Device 0 memory - used: 720.700012, free: 2351.300049, total: 3072.000000
total size of volume map in GPU memory: 32.945801
nDepths 441, nDepthsToSearch 441 
ps_computeSimilarityVolume elapsed time: 5.000000 ms 
Device 0 memory - used: 724.325012, free: 2347.675049, total: 3072.000000
total size of volume map in GPU memory: 36.606445
nDepths 490, nDepthsToSearch 490 
ps_computeSimilarityVolume elapsed time: 5.000000 ms 
Device 0 memory - used: 711.700012, free: 2360.300049, total: 3072.000000
total size of volume map in GPU memory: 23.980957
nDepths 321, nDepthsToSearch 321 
ps_computeSimilarityVolume elapsed time: 6.000000 ms 
Device 0 memory - used: 730.075012, free: 2341.925049, total: 3072.000000
total size of volume map in GPU memory: 42.358887
nDepths 567, nDepthsToSearch 567 
ps_computeSimilarityVolume elapsed time: 5.000000 ms 
ps_SGMoptimizeSimVolume
ps_updateAggrVolume
ps_aggregatePathVolume
ps_aggregatePathVolume done
ps_updateAggrVolume done
ps_updateAggrVolume
ps_aggregatePathVolume
ps_aggregatePathVolume done
ps_updateAggrVolume done
ps_updateAggrVolume
ps_aggregatePathVolume
ps_aggregatePathVolume done
ps_updateAggrVolume done
ps_updateAggrVolume
ps_aggregatePathVolume
ps_aggregatePathVolume done
ps_updateAggrVolume done
SGM volume gpu elapsed time: 219.000000 ms 
ps_SGMoptimizeSimVolume done
[18:12:01.434368][info] Refine depth map, view id: 498073649
gpu elapsed time: 162.000000 ms 
gpu elapsed time: 170.000000 ms 
gpu elapsed time: 166.000000 ms 
gpu elapsed time: 156.000000 ms 
gpu elapsed time: 136.000000 ms 
gpu elapsed time: 169.000000 ms 
gpu elapsed time: 171.000000 ms 
gpu elapsed time: 164.000000 ms 
gpu elapsed time: 172.000000 ms 
gpu elapsed time: 171.000000 ms 
gpu elapsed time: 170.000000 ms 
gpu elapsed time: 164.000000 ms 
gpu elapsed time: 167.000000 ms 
gpu elapsed time: 163.000000 ms 
gpu elapsed time: 169.000000 ms 
gpu elapsed time: 165.000000 ms 
gpu elapsed time: 72.000000 ms 
gpu elapsed time: 135.000000 ms 
gpu elapsed time: 139.000000 ms 
gpu elapsed time: 150.000000 ms 
gpu elapsed time: 46.000000 ms 
gpu elapsed time: 130.000000 ms 
gpu elapsed time: 134.000000 ms 
gpu elapsed time: 148.000000 ms 
gpu elapsed time: 175.000000 ms 
gpu elapsed time: 169.000000 ms 
gpu elapsed time: 172.000000 ms 
gpu elapsed time: 170.000000 ms 
rc: 8, gpu elapsed time: 54.000000 ms 
rc: 8, gpu elapsed time: 55.000000 ms 
rc: 8, gpu elapsed time: 54.000000 ms 
rc: 8, gpu elapsed time: 52.000000 ms 
[18:12:07.052065][info] Task done in (s): 31.548000
