Program called with the following parameters:
 * downscale = 2
 * exportIntermediateResults = 0
 * imagesFolder = "C:/Users/alexl/projects/Glassphones/mechanical/photogrammetry/photo/MeshroomCache/PrepareDenseScene/d4f40fa8ae4d8e7a0b4a9b02b9dc244c88c7f1a9"
 * input = "C:/Users/alexl/projects/Glassphones/mechanical/photogrammetry/photo/MeshroomCache/StructureFromMotion/d71c1582ed01c90abd0e8f21b0806b4d62578cae/sfm.abc"
 * maxViewAngle = 70
 * minViewAngle = 2
 * nbGPUs = 0
 * output = "C:/Users/alexl/projects/Glassphones/mechanical/photogrammetry/photo/MeshroomCache/DepthMap/02fd681ff2a072b878f8303e52b0faceaa19335a"
 * rangeSize = 3
 * rangeStart = 9
 * refineGammaC = 15.5
 * refineGammaP = 8
 * refineMaxTCams = 6
 * refineNDepthsToRefine = 31
 * refineNSamplesHalf = 150
 * refineNiters = 100
 * refineSigma = 15
 * refineUseTcOrRcPixSize = 0
 * refineWSH = 3
 * sgmGammaC = 5.5
 * sgmGammaP = 8
 * sgmMaxTCams = 10
 * sgmWSH = 4
 * verboseLevel = "info"

[18:12:07.419398][info] CUDA-Enabled GPU.
Device information:
	- id:                      0
	- name:                    GeForce GTX 1060 3GB
	- compute capability:      6.1
	- total device memory:     3072 MB 
	- device memory available: 2475 MB 
	- per-block shared memory: 49152
	- warp size:               32
	- max threads per block:   1024
	- max threads per SM(X):   2048
	- max block sizes:         {1024,1024,64}
	- max grid sizes:          {2147483647,65535,65535}
	- max 2D array texture:    {131072,65536}
	- max 3D array texture:    {16384,16384,16384}
	- max 2D linear texture:   {131072,65000,2097120}
	- max 2D layered texture:  {32768,32768,2048}
	- number of SM(x)s:        9
	- registers per SM(x):     65536
	- registers per block:     65536
	- concurrent kernels:      yes
	- mapping host memory:     yes
	- unified addressing:      yes
	- texture alignment:       512 byte
	- pitch alignment:         32 byte

[18:12:07.559525][info] Supported CUDA-Enabled GPU detected.
[18:12:07.614575][info] Found 1 image dimension(s): 
[18:12:07.614575][info] 	- [3264x1836]
[18:12:07.727678][info] Overall maximum dimension: [3264x1836]
[18:12:07.727678][info] Create depth maps.
number of CUDA devices:	1
   0: GeForce GTX 1060 3GB
[18:12:07.727678][info] # GPU devices: 1, # CPU threads: 16
[18:12:07.727678][info] Plane sweeping parameters:
	- scale: 2
	- step: 3
[18:12:07.727678][info] PlaneSweepingCuda:
	- _nImgsInGPUAtTime: 3
	- scales: 2
	- subPixel: Yes
	- varianceWSH: 4
CUDA device no 0 for 0
Device 0 memory - used: 596.762512, free: 2475.237549, total: 3072.000000
Device 0 memory - used: 687.700012, free: 2384.300049, total: 3072.000000
[18:12:10.614808][info] Estimate depth map, view id: 532412952
Device 0 memory - used: 709.575012, free: 2362.425049, total: 3072.000000
total size of volume map in GPU memory: 21.814453
nDepths 292, nDepthsToSearch 292 
ps_computeSimilarityVolume elapsed time: 4.000000 ms 
Device 0 memory - used: 706.137512, free: 2365.862549, total: 3072.000000
total size of volume map in GPU memory: 18.377930
nDepths 246, nDepthsToSearch 246 
ps_computeSimilarityVolume elapsed time: 3.000000 ms 
Device 0 memory - used: 719.512512, free: 2352.487549, total: 3072.000000
total size of volume map in GPU memory: 31.750488
nDepths 425, nDepthsToSearch 425 
ps_computeSimilarityVolume elapsed time: 5.000000 ms 
Device 0 memory - used: 711.950012, free: 2360.050049, total: 3072.000000
total size of volume map in GPU memory: 24.205078
nDepths 324, nDepthsToSearch 324 
ps_computeSimilarityVolume elapsed time: 4.000000 ms 
Device 0 memory - used: 718.825012, free: 2353.175049, total: 3072.000000
total size of volume map in GPU memory: 31.078125
nDepths 416, nDepthsToSearch 416 
ps_computeSimilarityVolume elapsed time: 6.000000 ms 
Device 0 memory - used: 719.512512, free: 2352.487549, total: 3072.000000
total size of volume map in GPU memory: 31.750488
nDepths 425, nDepthsToSearch 425 
ps_computeSimilarityVolume elapsed time: 4.000000 ms 
Device 0 memory - used: 713.575012, free: 2358.425049, total: 3072.000000
total size of volume map in GPU memory: 25.848633
nDepths 346, nDepthsToSearch 346 
ps_computeSimilarityVolume elapsed time: 5.000000 ms 
Device 0 memory - used: 707.762512, free: 2364.237549, total: 3072.000000
total size of volume map in GPU memory: 20.021484
nDepths 268, nDepthsToSearch 268 
ps_computeSimilarityVolume elapsed time: 5.000000 ms 
Device 0 memory - used: 711.950012, free: 2360.050049, total: 3072.000000
total size of volume map in GPU memory: 24.205078
nDepths 324, nDepthsToSearch 324 
ps_computeSimilarityVolume elapsed time: 5.000000 ms 
Device 0 memory - used: 719.512512, free: 2352.487549, total: 3072.000000
total size of volume map in GPU memory: 31.750488
nDepths 425, nDepthsToSearch 425 
ps_computeSimilarityVolume elapsed time: 5.000000 ms 
ps_SGMoptimizeSimVolume
ps_updateAggrVolume
ps_aggregatePathVolume
ps_aggregatePathVolume done
ps_updateAggrVolume done
ps_updateAggrVolume
ps_aggregatePathVolume
ps_aggregatePathVolume done
ps_updateAggrVolume done
ps_updateAggrVolume
ps_aggregatePathVolume
ps_aggregatePathVolume done
ps_updateAggrVolume done
ps_updateAggrVolume
ps_aggregatePathVolume
ps_aggregatePathVolume done
ps_updateAggrVolume done
SGM volume gpu elapsed time: 147.000000 ms 
ps_SGMoptimizeSimVolume done
[18:12:13.621575][info] Refine depth map, view id: 532412952
gpu elapsed time: 154.000000 ms 
gpu elapsed time: 160.000000 ms 
gpu elapsed time: 162.000000 ms 
gpu elapsed time: 133.000000 ms 
gpu elapsed time: 174.000000 ms 
gpu elapsed time: 171.000000 ms 
gpu elapsed time: 169.000000 ms 
gpu elapsed time: 166.000000 ms 
gpu elapsed time: 138.000000 ms 
gpu elapsed time: 155.000000 ms 
gpu elapsed time: 172.000000 ms 
gpu elapsed time: 165.000000 ms 
gpu elapsed time: 171.000000 ms 
gpu elapsed time: 171.000000 ms 
gpu elapsed time: 170.000000 ms 
gpu elapsed time: 144.000000 ms 
gpu elapsed time: 172.000000 ms 
gpu elapsed time: 168.000000 ms 
gpu elapsed time: 145.000000 ms 
gpu elapsed time: 111.000000 ms 
gpu elapsed time: 128.000000 ms 
gpu elapsed time: 168.000000 ms 
gpu elapsed time: 172.000000 ms 
gpu elapsed time: 166.000000 ms 
gpu elapsed time: 176.000000 ms 
gpu elapsed time: 175.000000 ms 
gpu elapsed time: 175.000000 ms 
gpu elapsed time: 175.000000 ms 
rc: 9, gpu elapsed time: 57.000000 ms 
rc: 9, gpu elapsed time: 56.000000 ms 
rc: 9, gpu elapsed time: 57.000000 ms 
rc: 9, gpu elapsed time: 56.000000 ms 
[18:12:22.327169][info] Estimate depth map, view id: 566440934
Device 0 memory - used: 734.137512, free: 2337.862549, total: 3072.000000
total size of volume map in GPU memory: 46.393066
nDepths 621, nDepthsToSearch 621 
ps_computeSimilarityVolume elapsed time: 4.000000 ms 
Device 0 memory - used: 720.075012, free: 2351.925049, total: 3072.000000
total size of volume map in GPU memory: 32.348145
nDepths 433, nDepthsToSearch 433 
ps_computeSimilarityVolume elapsed time: 6.000000 ms 
Device 0 memory - used: 725.950012, free: 2346.050049, total: 3072.000000
total size of volume map in GPU memory: 38.250000
nDepths 512, nDepthsToSearch 512 
ps_computeSimilarityVolume elapsed time: 5.000000 ms 
Device 0 memory - used: 709.825012, free: 2362.175049, total: 3072.000000
total size of volume map in GPU memory: 22.113281
nDepths 296, nDepthsToSearch 296 
ps_computeSimilarityVolume elapsed time: 5.000000 ms 
Device 0 memory - used: 734.137512, free: 2337.862549, total: 3072.000000
total size of volume map in GPU memory: 46.393066
nDepths 621, nDepthsToSearch 621 
ps_computeSimilarityVolume elapsed time: 6.000000 ms 
Device 0 memory - used: 725.950012, free: 2346.050049, total: 3072.000000
total size of volume map in GPU memory: 38.250000
nDepths 512, nDepthsToSearch 512 
ps_computeSimilarityVolume elapsed time: 5.000000 ms 
Device 0 memory - used: 734.137512, free: 2337.862549, total: 3072.000000
total size of volume map in GPU memory: 46.393066
nDepths 621, nDepthsToSearch 621 
ps_computeSimilarityVolume elapsed time: 5.000000 ms 
Device 0 memory - used: 711.887512, free: 2360.112549, total: 3072.000000
total size of volume map in GPU memory: 24.130371
nDepths 323, nDepthsToSearch 323 
ps_computeSimilarityVolume elapsed time: 4.000000 ms 
Device 0 memory - used: 733.575012, free: 2338.425049, total: 3072.000000
total size of volume map in GPU memory: 45.870117
nDepths 614, nDepthsToSearch 614 
ps_computeSimilarityVolume elapsed time: 7.000000 ms 
Device 0 memory - used: 727.575012, free: 2344.425049, total: 3072.000000
total size of volume map in GPU memory: 39.818848
nDepths 533, nDepthsToSearch 533 
ps_computeSimilarityVolume elapsed time: 5.000000 ms 
ps_SGMoptimizeSimVolume
ps_updateAggrVolume
ps_aggregatePathVolume
ps_aggregatePathVolume done
ps_updateAggrVolume done
ps_updateAggrVolume
ps_aggregatePathVolume
ps_aggregatePathVolume done
ps_updateAggrVolume done
ps_updateAggrVolume
ps_aggregatePathVolume
ps_aggregatePathVolume done
ps_updateAggrVolume done
ps_updateAggrVolume
ps_aggregatePathVolume
ps_aggregatePathVolume done
ps_updateAggrVolume done
SGM volume gpu elapsed time: 189.000000 ms 
ps_SGMoptimizeSimVolume done
[18:12:25.948009][info] Refine depth map, view id: 566440934
gpu elapsed time: 43.000000 ms 
gpu elapsed time: 135.000000 ms 
gpu elapsed time: 154.000000 ms 
gpu elapsed time: 158.000000 ms 
gpu elapsed time: 160.000000 ms 
gpu elapsed time: 157.000000 ms 
gpu elapsed time: 159.000000 ms 
gpu elapsed time: 157.000000 ms 
gpu elapsed time: 29.000000 ms 
gpu elapsed time: 113.000000 ms 
gpu elapsed time: 118.000000 ms 
gpu elapsed time: 93.000000 ms 
gpu elapsed time: 157.000000 ms 
gpu elapsed time: 159.000000 ms 
gpu elapsed time: 157.000000 ms 
gpu elapsed time: 153.000000 ms 
gpu elapsed time: 130.000000 ms 
gpu elapsed time: 148.000000 ms 
gpu elapsed time: 156.000000 ms 
gpu elapsed time: 144.000000 ms 
gpu elapsed time: 20.000000 ms 
gpu elapsed time: 83.000000 ms 
gpu elapsed time: 90.000000 ms 
gpu elapsed time: 41.000000 ms 
gpu elapsed time: 168.000000 ms 
gpu elapsed time: 165.000000 ms 
gpu elapsed time: 164.000000 ms 
gpu elapsed time: 163.000000 ms 
rc: 10, gpu elapsed time: 53.000000 ms 
rc: 10, gpu elapsed time: 52.000000 ms 
rc: 10, gpu elapsed time: 53.000000 ms 
rc: 10, gpu elapsed time: 51.000000 ms 
[18:12:31.089681][info] Estimate depth map, view id: 790973902
Device 0 memory - used: 732.825012, free: 2339.175049, total: 3072.000000
total size of volume map in GPU memory: 45.123047
nDepths 604, nDepthsToSearch 604 
ps_computeSimilarityVolume elapsed time: 4.000000 ms 
Device 0 memory - used: 716.762512, free: 2355.237549, total: 3072.000000
total size of volume map in GPU memory: 29.061035
nDepths 389, nDepthsToSearch 389 
ps_computeSimilarityVolume elapsed time: 5.000000 ms 
Device 0 memory - used: 724.887512, free: 2347.112549, total: 3072.000000
total size of volume map in GPU memory: 37.129395
nDepths 497, nDepthsToSearch 497 
ps_computeSimilarityVolume elapsed time: 4.000000 ms 
Device 0 memory - used: 732.825012, free: 2339.175049, total: 3072.000000
total size of volume map in GPU memory: 45.123047
nDepths 604, nDepthsToSearch 604 
ps_computeSimilarityVolume elapsed time: 6.000000 ms 
Device 0 memory - used: 724.887512, free: 2347.112549, total: 3072.000000
total size of volume map in GPU memory: 37.129395
nDepths 497, nDepthsToSearch 497 
ps_computeSimilarityVolume elapsed time: 5.000000 ms 
Device 0 memory - used: 724.887512, free: 2347.112549, total: 3072.000000
total size of volume map in GPU memory: 37.129395
nDepths 497, nDepthsToSearch 497 
ps_computeSimilarityVolume elapsed time: 8.000000 ms 
Device 0 memory - used: 732.825012, free: 2339.175049, total: 3072.000000
total size of volume map in GPU memory: 45.123047
nDepths 604, nDepthsToSearch 604 
ps_computeSimilarityVolume elapsed time: 5.000000 ms 
Device 0 memory - used: 713.262512, free: 2358.737549, total: 3072.000000
total size of volume map in GPU memory: 25.549805
nDepths 342, nDepthsToSearch 342 
ps_computeSimilarityVolume elapsed time: 4.000000 ms 
Device 0 memory - used: 732.825012, free: 2339.175049, total: 3072.000000
total size of volume map in GPU memory: 45.123047
nDepths 604, nDepthsToSearch 604 
ps_computeSimilarityVolume elapsed time: 5.000000 ms 
Device 0 memory - used: 728.887512, free: 2343.112549, total: 3072.000000
total size of volume map in GPU memory: 41.163574
nDepths 551, nDepthsToSearch 551 
ps_computeSimilarityVolume elapsed time: 7.000000 ms 
ps_SGMoptimizeSimVolume
ps_updateAggrVolume
ps_aggregatePathVolume
ps_aggregatePathVolume done
ps_updateAggrVolume done
ps_updateAggrVolume
ps_aggregatePathVolume
ps_aggregatePathVolume done
ps_updateAggrVolume done
ps_updateAggrVolume
ps_aggregatePathVolume
ps_aggregatePathVolume done
ps_updateAggrVolume done
ps_updateAggrVolume
ps_aggregatePathVolume
ps_aggregatePathVolume done
ps_updateAggrVolume done
SGM volume gpu elapsed time: 181.000000 ms 
ps_SGMoptimizeSimVolume done
[18:12:34.432776][info] Refine depth map, view id: 790973902
gpu elapsed time: 45.000000 ms 
gpu elapsed time: 137.000000 ms 
gpu elapsed time: 157.000000 ms 
gpu elapsed time: 158.000000 ms 
gpu elapsed time: 161.000000 ms 
gpu elapsed time: 157.000000 ms 
gpu elapsed time: 161.000000 ms 
gpu elapsed time: 157.000000 ms 
gpu elapsed time: 33.000000 ms 
gpu elapsed time: 117.000000 ms 
gpu elapsed time: 117.000000 ms 
gpu elapsed time: 87.000000 ms 
gpu elapsed time: 129.000000 ms 
gpu elapsed time: 155.000000 ms 
gpu elapsed time: 160.000000 ms 
gpu elapsed time: 147.000000 ms 
gpu elapsed time: 166.000000 ms 
gpu elapsed time: 163.000000 ms 
gpu elapsed time: 161.000000 ms 
gpu elapsed time: 157.000000 ms 
gpu elapsed time: 17.000000 ms 
gpu elapsed time: 88.000000 ms 
gpu elapsed time: 91.000000 ms 
gpu elapsed time: 38.000000 ms 
gpu elapsed time: 167.000000 ms 
gpu elapsed time: 166.000000 ms 
gpu elapsed time: 165.000000 ms 
gpu elapsed time: 165.000000 ms 
rc: 11, gpu elapsed time: 54.000000 ms 
rc: 11, gpu elapsed time: 53.000000 ms 
rc: 11, gpu elapsed time: 53.000000 ms 
rc: 11, gpu elapsed time: 51.000000 ms 
[18:12:39.358251][info] Task done in (s): 31.941000
