Program called with the following parameters:
 * downscale = 2
 * exportIntermediateResults = 0
 * imagesFolder = "C:/Users/alexl/projects/Glassphones/mechanical/photogrammetry/photo/MeshroomCache/PrepareDenseScene/d4f40fa8ae4d8e7a0b4a9b02b9dc244c88c7f1a9"
 * input = "C:/Users/alexl/projects/Glassphones/mechanical/photogrammetry/photo/MeshroomCache/StructureFromMotion/d71c1582ed01c90abd0e8f21b0806b4d62578cae/sfm.abc"
 * maxViewAngle = 70
 * minViewAngle = 2
 * nbGPUs = 0
 * output = "C:/Users/alexl/projects/Glassphones/mechanical/photogrammetry/photo/MeshroomCache/DepthMap/02fd681ff2a072b878f8303e52b0faceaa19335a"
 * rangeSize = 3
 * rangeStart = 15
 * refineGammaC = 15.5
 * refineGammaP = 8
 * refineMaxTCams = 6
 * refineNDepthsToRefine = 31
 * refineNSamplesHalf = 150
 * refineNiters = 100
 * refineSigma = 15
 * refineUseTcOrRcPixSize = 0
 * refineWSH = 3
 * sgmGammaC = 5.5
 * sgmGammaP = 8
 * sgmMaxTCams = 10
 * sgmWSH = 4
 * verboseLevel = "info"

[18:13:12.998883][info] CUDA-Enabled GPU.
Device information:
	- id:                      0
	- name:                    GeForce GTX 1060 3GB
	- compute capability:      6.1
	- total device memory:     3072 MB 
	- device memory available: 2475 MB 
	- per-block shared memory: 49152
	- warp size:               32
	- max threads per block:   1024
	- max threads per SM(X):   2048
	- max block sizes:         {1024,1024,64}
	- max grid sizes:          {2147483647,65535,65535}
	- max 2D array texture:    {131072,65536}
	- max 3D array texture:    {16384,16384,16384}
	- max 2D linear texture:   {131072,65000,2097120}
	- max 2D layered texture:  {32768,32768,2048}
	- number of SM(x)s:        9
	- registers per SM(x):     65536
	- registers per block:     65536
	- concurrent kernels:      yes
	- mapping host memory:     yes
	- unified addressing:      yes
	- texture alignment:       512 byte
	- pitch alignment:         32 byte

[18:13:13.123996][info] Supported CUDA-Enabled GPU detected.
[18:13:13.179046][info] Found 1 image dimension(s): 
[18:13:13.179046][info] 	- [3264x1836]
[18:13:13.284142][info] Overall maximum dimension: [3264x1836]
[18:13:13.285143][info] Create depth maps.
number of CUDA devices:	1
   0: GeForce GTX 1060 3GB
[18:13:13.285143][info] # GPU devices: 1, # CPU threads: 16
[18:13:13.285143][info] Plane sweeping parameters:
	- scale: 2
	- step: 3
[18:13:13.285143][info] PlaneSweepingCuda:
	- _nImgsInGPUAtTime: 3
	- scales: 2
	- subPixel: Yes
	- varianceWSH: 4
CUDA device no 0 for 0
Device 0 memory - used: 596.762512, free: 2475.237549, total: 3072.000000
Device 0 memory - used: 687.700012, free: 2384.300049, total: 3072.000000
[18:13:16.075919][info] Estimate depth map, view id: 1112659761
Device 0 memory - used: 710.200012, free: 2361.800049, total: 3072.000000
total size of volume map in GPU memory: 22.486816
nDepths 301, nDepthsToSearch 301 
ps_computeSimilarityVolume elapsed time: 3.000000 ms 
Device 0 memory - used: 710.200012, free: 2361.800049, total: 3072.000000
total size of volume map in GPU memory: 22.486816
nDepths 301, nDepthsToSearch 301 
ps_computeSimilarityVolume elapsed time: 4.000000 ms 
Device 0 memory - used: 703.075012, free: 2368.925049, total: 3072.000000
total size of volume map in GPU memory: 15.314941
nDepths 205, nDepthsToSearch 205 
ps_computeSimilarityVolume elapsed time: 3.000000 ms 
Device 0 memory - used: 710.200012, free: 2361.800049, total: 3072.000000
total size of volume map in GPU memory: 22.486816
nDepths 301, nDepthsToSearch 301 
ps_computeSimilarityVolume elapsed time: 4.000000 ms 
Device 0 memory - used: 710.200012, free: 2361.800049, total: 3072.000000
total size of volume map in GPU memory: 22.486816
nDepths 301, nDepthsToSearch 301 
ps_computeSimilarityVolume elapsed time: 3.000000 ms 
Device 0 memory - used: 710.200012, free: 2361.800049, total: 3072.000000
total size of volume map in GPU memory: 22.486816
nDepths 301, nDepthsToSearch 301 
ps_computeSimilarityVolume elapsed time: 3.000000 ms 
Device 0 memory - used: 710.200012, free: 2361.800049, total: 3072.000000
total size of volume map in GPU memory: 22.486816
nDepths 301, nDepthsToSearch 301 
ps_computeSimilarityVolume elapsed time: 4.000000 ms 
Device 0 memory - used: 710.200012, free: 2361.800049, total: 3072.000000
total size of volume map in GPU memory: 22.486816
nDepths 301, nDepthsToSearch 301 
ps_computeSimilarityVolume elapsed time: 4.000000 ms 
Device 0 memory - used: 710.200012, free: 2361.800049, total: 3072.000000
total size of volume map in GPU memory: 22.486816
nDepths 301, nDepthsToSearch 301 
ps_computeSimilarityVolume elapsed time: 4.000000 ms 
Device 0 memory - used: 710.012512, free: 2361.987549, total: 3072.000000
total size of volume map in GPU memory: 22.262695
nDepths 298, nDepthsToSearch 298 
ps_computeSimilarityVolume elapsed time: 3.000000 ms 
ps_SGMoptimizeSimVolume
ps_updateAggrVolume
ps_aggregatePathVolume
ps_aggregatePathVolume done
ps_updateAggrVolume done
ps_updateAggrVolume
ps_aggregatePathVolume
ps_aggregatePathVolume done
ps_updateAggrVolume done
ps_updateAggrVolume
ps_aggregatePathVolume
ps_aggregatePathVolume done
ps_updateAggrVolume done
ps_updateAggrVolume
ps_aggregatePathVolume
ps_aggregatePathVolume done
ps_updateAggrVolume done
SGM volume gpu elapsed time: 99.000000 ms 
ps_SGMoptimizeSimVolume done
[18:13:18.416046][info] Refine depth map, view id: 1112659761
gpu elapsed time: 163.000000 ms 
gpu elapsed time: 150.000000 ms 
gpu elapsed time: 138.000000 ms 
gpu elapsed time: 132.000000 ms 
gpu elapsed time: 117.000000 ms 
gpu elapsed time: 137.000000 ms 
gpu elapsed time: 153.000000 ms 
gpu elapsed time: 48.000000 ms 
gpu elapsed time: 105.000000 ms 
gpu elapsed time: 130.000000 ms 
gpu elapsed time: 128.000000 ms 
gpu elapsed time: 56.000000 ms 
gpu elapsed time: 159.000000 ms 
gpu elapsed time: 167.000000 ms 
gpu elapsed time: 146.000000 ms 
gpu elapsed time: 29.000000 ms 
gpu elapsed time: 135.000000 ms 
gpu elapsed time: 167.000000 ms 
gpu elapsed time: 130.000000 ms 
gpu elapsed time: 16.000000 ms 
gpu elapsed time: 117.000000 ms 
gpu elapsed time: 164.000000 ms 
gpu elapsed time: 160.000000 ms 
gpu elapsed time: 53.000000 ms 
gpu elapsed time: 174.000000 ms 
gpu elapsed time: 171.000000 ms 
gpu elapsed time: 171.000000 ms 
gpu elapsed time: 170.000000 ms 
rc: 15, gpu elapsed time: 55.000000 ms 
rc: 15, gpu elapsed time: 55.000000 ms 
rc: 15, gpu elapsed time: 55.000000 ms 
rc: 15, gpu elapsed time: 52.000000 ms 
[18:13:24.691757][info] Estimate depth map, view id: 1113613468
Device 0 memory - used: 728.075012, free: 2343.925049, total: 3072.000000
total size of volume map in GPU memory: 40.341797
nDepths 540, nDepthsToSearch 540 
ps_computeSimilarityVolume elapsed time: 4.000000 ms 
Device 0 memory - used: 723.200012, free: 2348.800049, total: 3072.000000
total size of volume map in GPU memory: 35.485840
nDepths 475, nDepthsToSearch 475 
ps_computeSimilarityVolume elapsed time: 6.000000 ms 
Device 0 memory - used: 723.200012, free: 2348.800049, total: 3072.000000
total size of volume map in GPU memory: 35.485840
nDepths 475, nDepthsToSearch 475 
ps_computeSimilarityVolume elapsed time: 4.000000 ms 
Device 0 memory - used: 723.200012, free: 2348.800049, total: 3072.000000
total size of volume map in GPU memory: 35.485840
nDepths 475, nDepthsToSearch 475 
ps_computeSimilarityVolume elapsed time: 5.000000 ms 
Device 0 memory - used: 698.700012, free: 2373.300049, total: 3072.000000
total size of volume map in GPU memory: 10.981934
nDepths 147, nDepthsToSearch 147 
ps_computeSimilarityVolume elapsed time: 3.000000 ms 
Device 0 memory - used: 698.012512, free: 2373.987549, total: 3072.000000
total size of volume map in GPU memory: 10.309570
nDepths 138, nDepthsToSearch 138 
ps_computeSimilarityVolume elapsed time: 4.000000 ms 
Device 0 memory - used: 701.762512, free: 2370.237549, total: 3072.000000
total size of volume map in GPU memory: 14.044922
nDepths 188, nDepthsToSearch 188 
ps_computeSimilarityVolume elapsed time: 3.000000 ms 
Device 0 memory - used: 707.762512, free: 2364.237549, total: 3072.000000
total size of volume map in GPU memory: 20.021484
nDepths 268, nDepthsToSearch 268 
ps_computeSimilarityVolume elapsed time: 3.000000 ms 
Device 0 memory - used: 723.200012, free: 2348.800049, total: 3072.000000
total size of volume map in GPU memory: 35.485840
nDepths 475, nDepthsToSearch 475 
ps_computeSimilarityVolume elapsed time: 5.000000 ms 
Device 0 memory - used: 723.200012, free: 2348.800049, total: 3072.000000
total size of volume map in GPU memory: 35.485840
nDepths 475, nDepthsToSearch 475 
ps_computeSimilarityVolume elapsed time: 5.000000 ms 
ps_SGMoptimizeSimVolume
ps_updateAggrVolume
ps_aggregatePathVolume
ps_aggregatePathVolume done
ps_updateAggrVolume done
ps_updateAggrVolume
ps_aggregatePathVolume
ps_aggregatePathVolume done
ps_updateAggrVolume done
ps_updateAggrVolume
ps_aggregatePathVolume
ps_aggregatePathVolume done
ps_updateAggrVolume done
ps_updateAggrVolume
ps_aggregatePathVolume
ps_aggregatePathVolume done
ps_updateAggrVolume done
SGM volume gpu elapsed time: 166.000000 ms 
ps_SGMoptimizeSimVolume done
[18:13:27.708498][info] Refine depth map, view id: 1113613468
gpu elapsed time: 163.000000 ms 
gpu elapsed time: 169.000000 ms 
gpu elapsed time: 170.000000 ms 
gpu elapsed time: 164.000000 ms 
gpu elapsed time: 167.000000 ms 
gpu elapsed time: 168.000000 ms 
gpu elapsed time: 170.000000 ms 
gpu elapsed time: 163.000000 ms 
gpu elapsed time: 153.000000 ms 
gpu elapsed time: 167.000000 ms 
gpu elapsed time: 169.000000 ms 
gpu elapsed time: 163.000000 ms 
gpu elapsed time: 98.000000 ms 
gpu elapsed time: 145.000000 ms 
gpu elapsed time: 169.000000 ms 
gpu elapsed time: 162.000000 ms 
gpu elapsed time: 128.000000 ms 
gpu elapsed time: 143.000000 ms 
gpu elapsed time: 168.000000 ms 
gpu elapsed time: 163.000000 ms 
gpu elapsed time: 157.000000 ms 
gpu elapsed time: 163.000000 ms 
gpu elapsed time: 147.000000 ms 
gpu elapsed time: 115.000000 ms 
gpu elapsed time: 171.000000 ms 
gpu elapsed time: 171.000000 ms 
gpu elapsed time: 169.000000 ms 
gpu elapsed time: 169.000000 ms 
rc: 16, gpu elapsed time: 56.000000 ms 
rc: 16, gpu elapsed time: 54.000000 ms 
rc: 16, gpu elapsed time: 54.000000 ms 
rc: 16, gpu elapsed time: 53.000000 ms 
[18:13:33.705451][info] Estimate depth map, view id: 1116963897
Device 0 memory - used: 724.200012, free: 2347.800049, total: 3072.000000
total size of volume map in GPU memory: 36.457031
nDepths 488, nDepthsToSearch 488 
ps_computeSimilarityVolume elapsed time: 4.000000 ms 
Device 0 memory - used: 724.200012, free: 2347.800049, total: 3072.000000
total size of volume map in GPU memory: 36.457031
nDepths 488, nDepthsToSearch 488 
ps_computeSimilarityVolume elapsed time: 4.000000 ms 
Device 0 memory - used: 724.200012, free: 2347.800049, total: 3072.000000
total size of volume map in GPU memory: 36.457031
nDepths 488, nDepthsToSearch 488 
ps_computeSimilarityVolume elapsed time: 5.000000 ms 
Device 0 memory - used: 724.200012, free: 2347.800049, total: 3072.000000
total size of volume map in GPU memory: 36.457031
nDepths 488, nDepthsToSearch 488 
ps_computeSimilarityVolume elapsed time: 5.000000 ms 
Device 0 memory - used: 724.200012, free: 2347.800049, total: 3072.000000
total size of volume map in GPU memory: 36.457031
nDepths 488, nDepthsToSearch 488 
ps_computeSimilarityVolume elapsed time: 5.000000 ms 
Device 0 memory - used: 724.200012, free: 2347.800049, total: 3072.000000
total size of volume map in GPU memory: 36.457031
nDepths 488, nDepthsToSearch 488 
ps_computeSimilarityVolume elapsed time: 4.000000 ms 
Device 0 memory - used: 711.637512, free: 2360.362549, total: 3072.000000
total size of volume map in GPU memory: 23.906250
nDepths 320, nDepthsToSearch 320 
ps_computeSimilarityVolume elapsed time: 4.000000 ms 
Device 0 memory - used: 724.200012, free: 2347.800049, total: 3072.000000
total size of volume map in GPU memory: 36.457031
nDepths 488, nDepthsToSearch 488 
ps_computeSimilarityVolume elapsed time: 5.000000 ms 
Device 0 memory - used: 706.512512, free: 2365.487549, total: 3072.000000
total size of volume map in GPU memory: 18.751465
nDepths 251, nDepthsToSearch 251 
ps_computeSimilarityVolume elapsed time: 3.000000 ms 
Device 0 memory - used: 701.012512, free: 2370.987549, total: 3072.000000
total size of volume map in GPU memory: 13.297852
nDepths 178, nDepthsToSearch 178 
ps_computeSimilarityVolume elapsed time: 3.000000 ms 
ps_SGMoptimizeSimVolume
ps_updateAggrVolume
ps_aggregatePathVolume
ps_aggregatePathVolume done
ps_updateAggrVolume done
ps_updateAggrVolume
ps_aggregatePathVolume
ps_aggregatePathVolume done
ps_updateAggrVolume done
ps_updateAggrVolume
ps_aggregatePathVolume
ps_aggregatePathVolume done
ps_updateAggrVolume done
ps_updateAggrVolume
ps_aggregatePathVolume
ps_aggregatePathVolume done
ps_updateAggrVolume done
SGM volume gpu elapsed time: 153.000000 ms 
ps_SGMoptimizeSimVolume done
[18:13:36.529600][info] Refine depth map, view id: 1116963897
gpu elapsed time: 160.000000 ms 
gpu elapsed time: 167.000000 ms 
gpu elapsed time: 147.000000 ms 
gpu elapsed time: 123.000000 ms 
gpu elapsed time: 170.000000 ms 
gpu elapsed time: 170.000000 ms 
gpu elapsed time: 171.000000 ms 
gpu elapsed time: 137.000000 ms 
gpu elapsed time: 158.000000 ms 
gpu elapsed time: 164.000000 ms 
gpu elapsed time: 154.000000 ms 
gpu elapsed time: 140.000000 ms 
gpu elapsed time: 97.000000 ms 
gpu elapsed time: 168.000000 ms 
gpu elapsed time: 167.000000 ms 
gpu elapsed time: 125.000000 ms 
gpu elapsed time: 105.000000 ms 
gpu elapsed time: 134.000000 ms 
gpu elapsed time: 157.000000 ms 
gpu elapsed time: 67.000000 ms 
gpu elapsed time: 73.000000 ms 
gpu elapsed time: 136.000000 ms 
gpu elapsed time: 170.000000 ms 
gpu elapsed time: 90.000000 ms 
gpu elapsed time: 171.000000 ms 
gpu elapsed time: 170.000000 ms 
gpu elapsed time: 170.000000 ms 
gpu elapsed time: 168.000000 ms 
rc: 17, gpu elapsed time: 55.000000 ms 
rc: 17, gpu elapsed time: 54.000000 ms 
rc: 17, gpu elapsed time: 56.000000 ms 
rc: 17, gpu elapsed time: 53.000000 ms 
[18:13:41.862445][info] Task done in (s): 28.865000
