Program called with the following parameters:
 * downscale = 2
 * exportIntermediateResults = 0
 * imagesFolder = "C:/Users/alexl/projects/Glassphones/mechanical/photogrammetry/photo/MeshroomCache/PrepareDenseScene/d4f40fa8ae4d8e7a0b4a9b02b9dc244c88c7f1a9"
 * input = "C:/Users/alexl/projects/Glassphones/mechanical/photogrammetry/photo/MeshroomCache/StructureFromMotion/d71c1582ed01c90abd0e8f21b0806b4d62578cae/sfm.abc"
 * maxViewAngle = 70
 * minViewAngle = 2
 * nbGPUs = 0
 * output = "C:/Users/alexl/projects/Glassphones/mechanical/photogrammetry/photo/MeshroomCache/DepthMap/02fd681ff2a072b878f8303e52b0faceaa19335a"
 * rangeSize = 3
 * rangeStart = 18
 * refineGammaC = 15.5
 * refineGammaP = 8
 * refineMaxTCams = 6
 * refineNDepthsToRefine = 31
 * refineNSamplesHalf = 150
 * refineNiters = 100
 * refineSigma = 15
 * refineUseTcOrRcPixSize = 0
 * refineWSH = 3
 * sgmGammaC = 5.5
 * sgmGammaP = 8
 * sgmMaxTCams = 10
 * sgmWSH = 4
 * verboseLevel = "info"

[18:13:42.241789][info] CUDA-Enabled GPU.
Device information:
	- id:                      0
	- name:                    GeForce GTX 1060 3GB
	- compute capability:      6.1
	- total device memory:     3072 MB 
	- device memory available: 2475 MB 
	- per-block shared memory: 49152
	- warp size:               32
	- max threads per block:   1024
	- max threads per SM(X):   2048
	- max block sizes:         {1024,1024,64}
	- max grid sizes:          {2147483647,65535,65535}
	- max 2D array texture:    {131072,65536}
	- max 3D array texture:    {16384,16384,16384}
	- max 2D linear texture:   {131072,65000,2097120}
	- max 2D layered texture:  {32768,32768,2048}
	- number of SM(x)s:        9
	- registers per SM(x):     65536
	- registers per block:     65536
	- concurrent kernels:      yes
	- mapping host memory:     yes
	- unified addressing:      yes
	- texture alignment:       512 byte
	- pitch alignment:         32 byte

[18:13:42.376912][info] Supported CUDA-Enabled GPU detected.
[18:13:42.429960][info] Found 1 image dimension(s): 
[18:13:42.429960][info] 	- [3264x1836]
[18:13:42.534055][info] Overall maximum dimension: [3264x1836]
[18:13:42.534055][info] Create depth maps.
number of CUDA devices:	1
   0: GeForce GTX 1060 3GB
[18:13:42.534055][info] # GPU devices: 1, # CPU threads: 16
[18:13:42.534055][info] Plane sweeping parameters:
	- scale: 2
	- step: 3
[18:13:42.534055][info] PlaneSweepingCuda:
	- _nImgsInGPUAtTime: 3
	- scales: 2
	- subPixel: Yes
	- varianceWSH: 4
CUDA device no 0 for 0
Device 0 memory - used: 596.762512, free: 2475.237549, total: 3072.000000
Device 0 memory - used: 687.700012, free: 2384.300049, total: 3072.000000
[18:13:45.308586][info] Estimate depth map, view id: 1125987063
Device 0 memory - used: 717.700012, free: 2354.300049, total: 3072.000000
total size of volume map in GPU memory: 29.957520
nDepths 401, nDepthsToSearch 401 
ps_computeSimilarityVolume elapsed time: 4.000000 ms 
Device 0 memory - used: 717.700012, free: 2354.300049, total: 3072.000000
total size of volume map in GPU memory: 29.957520
nDepths 401, nDepthsToSearch 401 
ps_computeSimilarityVolume elapsed time: 5.000000 ms 
Device 0 memory - used: 717.700012, free: 2354.300049, total: 3072.000000
total size of volume map in GPU memory: 29.957520
nDepths 401, nDepthsToSearch 401 
ps_computeSimilarityVolume elapsed time: 5.000000 ms 
Device 0 memory - used: 717.700012, free: 2354.300049, total: 3072.000000
total size of volume map in GPU memory: 29.957520
nDepths 401, nDepthsToSearch 401 
ps_computeSimilarityVolume elapsed time: 5.000000 ms 
Device 0 memory - used: 710.950012, free: 2361.050049, total: 3072.000000
total size of volume map in GPU memory: 23.233887
nDepths 311, nDepthsToSearch 311 
ps_computeSimilarityVolume elapsed time: 4.000000 ms 
Device 0 memory - used: 710.012512, free: 2361.987549, total: 3072.000000
total size of volume map in GPU memory: 22.262695
nDepths 298, nDepthsToSearch 298 
ps_computeSimilarityVolume elapsed time: 4.000000 ms 
Device 0 memory - used: 717.700012, free: 2354.300049, total: 3072.000000
total size of volume map in GPU memory: 29.957520
nDepths 401, nDepthsToSearch 401 
ps_computeSimilarityVolume elapsed time: 4.000000 ms 
Device 0 memory - used: 717.700012, free: 2354.300049, total: 3072.000000
total size of volume map in GPU memory: 29.957520
nDepths 401, nDepthsToSearch 401 
ps_computeSimilarityVolume elapsed time: 4.000000 ms 
Device 0 memory - used: 717.700012, free: 2354.300049, total: 3072.000000
total size of volume map in GPU memory: 29.957520
nDepths 401, nDepthsToSearch 401 
ps_computeSimilarityVolume elapsed time: 4.000000 ms 
Device 0 memory - used: 717.700012, free: 2354.300049, total: 3072.000000
total size of volume map in GPU memory: 29.957520
nDepths 401, nDepthsToSearch 401 
ps_computeSimilarityVolume elapsed time: 4.000000 ms 
ps_SGMoptimizeSimVolume
ps_updateAggrVolume
ps_aggregatePathVolume
ps_aggregatePathVolume done
ps_updateAggrVolume done
ps_updateAggrVolume
ps_aggregatePathVolume
ps_aggregatePathVolume done
ps_updateAggrVolume done
ps_updateAggrVolume
ps_aggregatePathVolume
ps_aggregatePathVolume done
ps_updateAggrVolume done
ps_updateAggrVolume
ps_aggregatePathVolume
ps_aggregatePathVolume done
ps_updateAggrVolume done
SGM volume gpu elapsed time: 130.000000 ms 
ps_SGMoptimizeSimVolume done
[18:13:48.193207][info] Refine depth map, view id: 1125987063
gpu elapsed time: 50.000000 ms 
gpu elapsed time: 129.000000 ms 
gpu elapsed time: 162.000000 ms 
gpu elapsed time: 134.000000 ms 
gpu elapsed time: 30.000000 ms 
gpu elapsed time: 112.000000 ms 
gpu elapsed time: 156.000000 ms 
gpu elapsed time: 163.000000 ms 
gpu elapsed time: 43.000000 ms 
gpu elapsed time: 145.000000 ms 
gpu elapsed time: 170.000000 ms 
gpu elapsed time: 149.000000 ms 
gpu elapsed time: 122.000000 ms 
gpu elapsed time: 160.000000 ms 
gpu elapsed time: 168.000000 ms 
gpu elapsed time: 163.000000 ms 
gpu elapsed time: 63.000000 ms 
gpu elapsed time: 95.000000 ms 
gpu elapsed time: 145.000000 ms 
gpu elapsed time: 157.000000 ms 
gpu elapsed time: 34.000000 ms 
gpu elapsed time: 134.000000 ms 
gpu elapsed time: 169.000000 ms 
gpu elapsed time: 126.000000 ms 
gpu elapsed time: 171.000000 ms 
gpu elapsed time: 170.000000 ms 
gpu elapsed time: 170.000000 ms 
gpu elapsed time: 170.000000 ms 
rc: 18, gpu elapsed time: 55.000000 ms 
rc: 18, gpu elapsed time: 54.000000 ms 
rc: 18, gpu elapsed time: 55.000000 ms 
rc: 18, gpu elapsed time: 52.000000 ms 
[18:13:53.693848][info] Estimate depth map, view id: 1155971086
Device 0 memory - used: 722.012512, free: 2349.987549, total: 3072.000000
total size of volume map in GPU memory: 34.290527
nDepths 459, nDepthsToSearch 459 
ps_computeSimilarityVolume elapsed time: 4.000000 ms 
Device 0 memory - used: 722.012512, free: 2349.987549, total: 3072.000000
total size of volume map in GPU memory: 34.290527
nDepths 459, nDepthsToSearch 459 
ps_computeSimilarityVolume elapsed time: 4.000000 ms 
Device 0 memory - used: 722.012512, free: 2349.987549, total: 3072.000000
total size of volume map in GPU memory: 34.290527
nDepths 459, nDepthsToSearch 459 
ps_computeSimilarityVolume elapsed time: 4.000000 ms 
Device 0 memory - used: 722.012512, free: 2349.987549, total: 3072.000000
total size of volume map in GPU memory: 34.290527
nDepths 459, nDepthsToSearch 459 
ps_computeSimilarityVolume elapsed time: 5.000000 ms 
Device 0 memory - used: 722.012512, free: 2349.987549, total: 3072.000000
total size of volume map in GPU memory: 34.290527
nDepths 459, nDepthsToSearch 459 
ps_computeSimilarityVolume elapsed time: 5.000000 ms 
Device 0 memory - used: 715.575012, free: 2356.425049, total: 3072.000000
total size of volume map in GPU memory: 27.865723
nDepths 373, nDepthsToSearch 373 
ps_computeSimilarityVolume elapsed time: 4.000000 ms 
Device 0 memory - used: 706.762512, free: 2365.237549, total: 3072.000000
total size of volume map in GPU memory: 19.050293
nDepths 255, nDepthsToSearch 255 
ps_computeSimilarityVolume elapsed time: 4.000000 ms 
Device 0 memory - used: 722.012512, free: 2349.987549, total: 3072.000000
total size of volume map in GPU memory: 34.290527
nDepths 459, nDepthsToSearch 459 
ps_computeSimilarityVolume elapsed time: 4.000000 ms 
Device 0 memory - used: 722.012512, free: 2349.987549, total: 3072.000000
total size of volume map in GPU memory: 34.290527
nDepths 459, nDepthsToSearch 459 
ps_computeSimilarityVolume elapsed time: 5.000000 ms 
Device 0 memory - used: 722.012512, free: 2349.987549, total: 3072.000000
total size of volume map in GPU memory: 34.290527
nDepths 459, nDepthsToSearch 459 
ps_computeSimilarityVolume elapsed time: 5.000000 ms 
ps_SGMoptimizeSimVolume
ps_updateAggrVolume
ps_aggregatePathVolume
ps_aggregatePathVolume done
ps_updateAggrVolume done
ps_updateAggrVolume
ps_aggregatePathVolume
ps_aggregatePathVolume done
ps_updateAggrVolume done
ps_updateAggrVolume
ps_aggregatePathVolume
ps_aggregatePathVolume done
ps_updateAggrVolume done
ps_updateAggrVolume
ps_aggregatePathVolume
ps_aggregatePathVolume done
ps_updateAggrVolume done
SGM volume gpu elapsed time: 143.000000 ms 
ps_SGMoptimizeSimVolume done
[18:13:56.893756][info] Refine depth map, view id: 1155971086
gpu elapsed time: 166.000000 ms 
gpu elapsed time: 167.000000 ms 
gpu elapsed time: 153.000000 ms 
gpu elapsed time: 125.000000 ms 
gpu elapsed time: 165.000000 ms 
gpu elapsed time: 170.000000 ms 
gpu elapsed time: 163.000000 ms 
gpu elapsed time: 148.000000 ms 
gpu elapsed time: 79.000000 ms 
gpu elapsed time: 162.000000 ms 
gpu elapsed time: 166.000000 ms 
gpu elapsed time: 137.000000 ms 
gpu elapsed time: 167.000000 ms 
gpu elapsed time: 169.000000 ms 
gpu elapsed time: 169.000000 ms 
gpu elapsed time: 128.000000 ms 
gpu elapsed time: 60.000000 ms 
gpu elapsed time: 151.000000 ms 
gpu elapsed time: 170.000000 ms 
gpu elapsed time: 80.000000 ms 
gpu elapsed time: 98.000000 ms 
gpu elapsed time: 166.000000 ms 
gpu elapsed time: 156.000000 ms 
gpu elapsed time: 144.000000 ms 
gpu elapsed time: 171.000000 ms 
gpu elapsed time: 170.000000 ms 
gpu elapsed time: 169.000000 ms 
gpu elapsed time: 168.000000 ms 
rc: 19, gpu elapsed time: 55.000000 ms 
rc: 19, gpu elapsed time: 55.000000 ms 
rc: 19, gpu elapsed time: 54.000000 ms 
rc: 19, gpu elapsed time: 53.000000 ms 
[18:14:04.513185][info] Estimate depth map, view id: 1199171366
Device 0 memory - used: 705.262512, free: 2366.737549, total: 3072.000000
total size of volume map in GPU memory: 17.556152
nDepths 235, nDepthsToSearch 235 
ps_computeSimilarityVolume elapsed time: 2.000000 ms 
Device 0 memory - used: 704.012512, free: 2367.987549, total: 3072.000000
total size of volume map in GPU memory: 16.286133
nDepths 218, nDepthsToSearch 218 
ps_computeSimilarityVolume elapsed time: 3.000000 ms 
Device 0 memory - used: 707.075012, free: 2364.925049, total: 3072.000000
total size of volume map in GPU memory: 19.349121
nDepths 259, nDepthsToSearch 259 
ps_computeSimilarityVolume elapsed time: 4.000000 ms 
Device 0 memory - used: 698.512512, free: 2373.487549, total: 3072.000000
total size of volume map in GPU memory: 10.757813
nDepths 144, nDepthsToSearch 144 
ps_computeSimilarityVolume elapsed time: 3.000000 ms 
Device 0 memory - used: 712.637512, free: 2359.362549, total: 3072.000000
total size of volume map in GPU memory: 24.877441
nDepths 333, nDepthsToSearch 333 
ps_computeSimilarityVolume elapsed time: 5.000000 ms 
Device 0 memory - used: 716.887512, free: 2355.112549, total: 3072.000000
total size of volume map in GPU memory: 29.135742
nDepths 390, nDepthsToSearch 390 
ps_computeSimilarityVolume elapsed time: 4.000000 ms 
Device 0 memory - used: 708.450012, free: 2363.550049, total: 3072.000000
total size of volume map in GPU memory: 20.693848
nDepths 277, nDepthsToSearch 277 
ps_computeSimilarityVolume elapsed time: 3.000000 ms 
Device 0 memory - used: 716.887512, free: 2355.112549, total: 3072.000000
total size of volume map in GPU memory: 29.135742
nDepths 390, nDepthsToSearch 390 
ps_computeSimilarityVolume elapsed time: 4.000000 ms 
Device 0 memory - used: 708.450012, free: 2363.550049, total: 3072.000000
total size of volume map in GPU memory: 20.693848
nDepths 277, nDepthsToSearch 277 
ps_computeSimilarityVolume elapsed time: 4.000000 ms 
Device 0 memory - used: 708.450012, free: 2363.550049, total: 3072.000000
total size of volume map in GPU memory: 20.693848
nDepths 277, nDepthsToSearch 277 
ps_computeSimilarityVolume elapsed time: 4.000000 ms 
ps_SGMoptimizeSimVolume
ps_updateAggrVolume
ps_aggregatePathVolume
ps_aggregatePathVolume done
ps_updateAggrVolume done
ps_updateAggrVolume
ps_aggregatePathVolume
ps_aggregatePathVolume done
ps_updateAggrVolume done
ps_updateAggrVolume
ps_aggregatePathVolume
ps_aggregatePathVolume done
ps_updateAggrVolume done
ps_updateAggrVolume
ps_aggregatePathVolume
ps_aggregatePathVolume done
ps_updateAggrVolume done
SGM volume gpu elapsed time: 123.000000 ms 
ps_SGMoptimizeSimVolume done
[18:14:06.703175][info] Refine depth map, view id: 1199171366
gpu elapsed time: 123.000000 ms 
gpu elapsed time: 172.000000 ms 
gpu elapsed time: 171.000000 ms 
gpu elapsed time: 125.000000 ms 
gpu elapsed time: 112.000000 ms 
gpu elapsed time: 155.000000 ms 
gpu elapsed time: 164.000000 ms 
gpu elapsed time: 114.000000 ms 
gpu elapsed time: 127.000000 ms 
gpu elapsed time: 171.000000 ms 
gpu elapsed time: 170.000000 ms 
gpu elapsed time: 128.000000 ms 
gpu elapsed time: 31.000000 ms 
gpu elapsed time: 153.000000 ms 
gpu elapsed time: 169.000000 ms 
gpu elapsed time: 158.000000 ms 
gpu elapsed time: 63.000000 ms 
gpu elapsed time: 135.000000 ms 
gpu elapsed time: 159.000000 ms 
gpu elapsed time: 162.000000 ms 
gpu elapsed time: 112.000000 ms 
gpu elapsed time: 151.000000 ms 
gpu elapsed time: 162.000000 ms 
gpu elapsed time: 113.000000 ms 
gpu elapsed time: 169.000000 ms 
gpu elapsed time: 170.000000 ms 
gpu elapsed time: 170.000000 ms 
gpu elapsed time: 169.000000 ms 
rc: 20, gpu elapsed time: 55.000000 ms 
rc: 20, gpu elapsed time: 55.000000 ms 
rc: 20, gpu elapsed time: 54.000000 ms 
rc: 20, gpu elapsed time: 53.000000 ms 
[18:14:12.000499][info] Task done in (s): 29.761000
